<?xml version="1.0" encoding="UTF-8"?>
<!-- Generated by org.testng.reporters.JUnitReportReporter -->
<testsuite hostname="CPU0057" name="org.test.DemoWebcam" tests="1" failures="0" timestamp="11 Oct 2016 22:59:50 GMT" time="0.437" errors="0">
  <testcase name="test" time="0.437" classname="org.test.DemoWebcam"/>
</testsuite> <!-- org.test.DemoWebcam -->
