<?xml version="1.0" encoding="UTF-8"?>
<!-- Generated by org.testng.reporters.JUnitReportReporter -->
<testsuite hostname="CPU0057" name="org.test.WebcamTest" tests="1" failures="0" timestamp="12 Oct 2016 00:10:59 GMT" time="37.248" errors="0">
  <testcase name="test" time="37.248" classname="org.test.WebcamTest"/>
</testsuite> <!-- org.test.WebcamTest -->
