<?xml version="1.0" encoding="UTF-8"?>
<!-- Generated by org.testng.reporters.JUnitReportReporter -->
<testsuite hostname="CPU0057" name="org.test.fd" tests="1" failures="0" timestamp="11 Oct 2016 21:54:26 GMT" time="0.440" errors="0">
  <testcase name="test" time="0.440" classname="org.test.fd"/>
</testsuite> <!-- org.test.fd -->
